<?xml version="1.0" encoding="UTF-8"?>
<testsuite name="com.bridgelabz.HotelReservationSystemTest" tests="1" skipped="0" failures="0" errors="0" timestamp="2021-03-27T05:20:12" hostname="LAPTOP-FPFKM2LM" time="0.086">
  <properties/>
  <testcase name="checkedGivenHotelNameandRateAreAdded_True()" classname="com.bridgelabz.HotelReservationSystemTest" time="0.086"/>
  <system-out><![CDATA[false
]]></system-out>
  <system-err><![CDATA[]]></system-err>
</testsuite>
